# JRE version: Java(TM) SE Runtime Environment (8.0_05-b13) (build 1.8.0_05-b13)
# Java VM: Java HotSpot(TM) 64-Bit Server VM (25.5-b02 mixed mode windows-amd64 compressed oops)
Heap:
 PSYoungGen      total 5632K, used 4887K [0x00000000eb300000, 0x00000000eba00000, 0x0000000100000000)
  eden space 4096K, 89% used [0x00000000eb300000,0x00000000eb695d48,0x00000000eb700000)
  from space 1536K, 79% used [0x00000000eb880000,0x00000000eb9b02a8,0x00000000eba00000)
  to   space 1536K, 0% used [0x00000000eb700000,0x00000000eb700000,0x00000000eb880000)
 ParOldGen       total 64000K, used 1313K [0x00000000c1800000, 0x00000000c5680000, 0x00000000eb300000)
  object space 64000K, 2% used [0x00000000c1800000,0x00000000c19486c8,0x00000000c5680000)
 Metaspace       used 7214K, capacity 7356K, committed 7552K, reserved 1056768K
  class space    used 781K, capacity 828K, committed 896K, reserved 1048576K
GC Heap History (10 events):
Event: 0.213 GC heap before
{Heap before GC invocations=4 (full 0):
 PSYoungGen      total 1024K, used 1014K [0x00000000eb300000, 0x00000000eb500000, 0x0000000100000000)
  eden space 512K, 100% used [0x00000000eb300000,0x00000000eb380000,0x00000000eb380000)
  from space 512K, 98% used [0x00000000eb380000,0x00000000eb3fd928,0x00000000eb400000)
  to   space 512K, 0% used [0x00000000eb480000,0x00000000eb480000,0x00000000eb500000)
 ParOldGen       total 64000K, used 446K [0x00000000c1800000, 0x00000000c5680000, 0x00000000eb300000)
  object space 64000K, 0% used [0x00000000c1800000,0x00000000c186fb80,0x00000000c5680000)
 Metaspace       used 4195K, capacity 4558K, committed 4864K, reserved 1056768K
  class space    used 443K, capacity 458K, committed 512K, reserved 1048576K
Event: 0.215 GC heap after
Heap after GC invocations=4 (full 0):
 PSYoungGen      total 1536K, used 502K [0x00000000eb300000, 0x00000000eb500000, 0x0000000100000000)
  eden space 1024K, 0% used [0x00000000eb300000,0x00000000eb300000,0x00000000eb400000)
  from space 512K, 98% used [0x00000000eb480000,0x00000000eb4fd928,0x00000000eb500000)
  to   space 512K, 0% used [0x00000000eb400000,0x00000000eb400000,0x00000000eb480000)
 ParOldGen       total 64000K, used 686K [0x00000000c1800000, 0x00000000c5680000, 0x00000000eb300000)
  object space 64000K, 1% used [0x00000000c1800000,0x00000000c18abba0,0x00000000c5680000)
 Metaspace       used 4195K, capacity 4558K, committed 4864K, reserved 1056768K
  class space    used 443K, capacity 458K, committed 512K, reserved 1048576K
}
Event: 0.299 GC heap before
{Heap before GC invocations=5 (full 0):
 PSYoungGen      total 1536K, used 1526K [0x00000000eb300000, 0x00000000eb500000, 0x0000000100000000)
  eden space 1024K, 100% used [0x00000000eb300000,0x00000000eb400000,0x00000000eb400000)
  from space 512K, 98% used [0x00000000eb480000,0x00000000eb4fd928,0x00000000eb500000)
  to   space 512K, 0% used [0x00000000eb400000,0x00000000eb400000,0x00000000eb480000)
 ParOldGen       total 64000K, used 686K [0x00000000c1800000, 0x00000000c5680000, 0x00000000eb300000)
  object space 64000K, 1% used [0x00000000c1800000,0x00000000c18abba0,0x00000000c5680000)
 Metaspace       used 4681K, capacity 4716K, committed 4992K, reserved 1056768K
  class space    used 499K, capacity 528K, committed 640K, reserved 1048576K
Event: 0.300 GC heap after
Heap after GC invocations=5 (full 0):
 PSYoungGen      total 1536K, used 512K [0x00000000eb300000, 0x00000000eb700000, 0x0000000100000000)
  eden space 1024K, 0% used [0x00000000eb300000,0x00000000eb300000,0x00000000eb400000)
  from space 512K, 100% used [0x00000000eb400000,0x00000000eb480000,0x00000000eb480000)
  to   space 1024K, 0% used [0x00000000eb600000,0x00000000eb600000,0x00000000eb700000)
 ParOldGen       total 64000K, used 893K [0x00000000c1800000, 0x00000000c5680000, 0x00000000eb300000)
  object space 64000K, 1% used [0x00000000c1800000,0x00000000c18df500,0x00000000c5680000)
 Metaspace       used 4681K, capacity 4716K, committed 4992K, reserved 1056768K
  class space    used 499K, capacity 528K, committed 640K, reserved 1048576K
}
Event: 0.376 GC heap before
{Heap before GC invocations=6 (full 0):
 PSYoungGen      total 1536K, used 1536K [0x00000000eb300000, 0x00000000eb700000, 0x0000000100000000)
  eden space 1024K, 100% used [0x00000000eb300000,0x00000000eb400000,0x00000000eb400000)
  from space 512K, 100% used [0x00000000eb400000,0x00000000eb480000,0x00000000eb480000)
  to   space 1024K, 0% used [0x00000000eb600000,0x00000000eb600000,0x00000000eb700000)
 ParOldGen       total 64000K, used 893K [0x00000000c1800000, 0x00000000c5680000, 0x00000000eb300000)
  object space 64000K, 1% used [0x00000000c1800000,0x00000000c18df500,0x00000000c5680000)
 Metaspace       used 5390K, capacity 5548K, committed 5760K, reserved 1056768K
  class space    used 576K, capacity 630K, committed 640K, reserved 1048576K
Event: 0.380 GC heap after
Heap after GC invocations=6 (full 0):
 PSYoungGen      total 3072K, used 855K [0x00000000eb300000, 0x00000000eb700000, 0x0000000100000000)
  eden space 2048K, 0% used [0x00000000eb300000,0x00000000eb300000,0x00000000eb500000)
  from space 1024K, 83% used [0x00000000eb600000,0x00000000eb6d5ea8,0x00000000eb700000)
  to   space 1024K, 0% used [0x00000000eb500000,0x00000000eb500000,0x00000000eb600000)
 ParOldGen       total 64000K, used 901K [0x00000000c1800000, 0x00000000c5680000, 0x00000000eb300000)
  object space 64000K, 1% used [0x00000000c1800000,0x00000000c18e1500,0x00000000c5680000)
 Metaspace       used 5390K, capacity 5548K, committed 5760K, reserved 1056768K
  class space    used 576K, capacity 630K, committed 640K, reserved 1048576K
}
Event: 0.555 GC heap before
{Heap before GC invocations=7 (full 0):
 PSYoungGen      total 3072K, used 2903K [0x00000000eb300000, 0x00000000eb700000, 0x0000000100000000)
  eden space 2048K, 100% used [0x00000000eb300000,0x00000000eb500000,0x00000000eb500000)
  from space 1024K, 83% used [0x00000000eb600000,0x00000000eb6d5ea8,0x00000000eb700000)
  to   space 1024K, 0% used [0x00000000eb500000,0x00000000eb500000,0x00000000eb600000)
 ParOldGen       total 64000K, used 901K [0x00000000c1800000, 0x00000000c5680000, 0x00000000eb300000)
  object space 64000K, 1% used [0x00000000c1800000,0x00000000c18e1500,0x00000000c5680000)
 Metaspace       used 6585K, capacity 6710K, committed 6912K, reserved 1056768K
  class space    used 720K, capacity 763K, committed 768K, reserved 1048576K
Event: 0.558 GC heap after
Heap after GC invocations=7 (full 0):
 PSYoungGen      total 3072K, used 1007K [0x00000000eb300000, 0x00000000eba00000, 0x0000000100000000)
  eden space 2048K, 0% used [0x00000000eb300000,0x00000000eb300000,0x00000000eb500000)
  from space 1024K, 98% used [0x00000000eb500000,0x00000000eb5fbcc8,0x00000000eb600000)
  to   space 1536K, 0% used [0x00000000eb880000,0x00000000eb880000,0x00000000eba00000)
 ParOldGen       total 64000K, used 1177K [0x00000000c1800000, 0x00000000c5680000, 0x00000000eb300000)
  object space 64000K, 1% used [0x00000000c1800000,0x00000000c19266c8,0x00000000c5680000)
 Metaspace       used 6585K, capacity 6710K, committed 6912K, reserved 1056768K
  class space    used 720K, capacity 763K, committed 768K, reserved 1048576K
}
Event: 0.597 GC heap before
{Heap before GC invocations=8 (full 0):
 PSYoungGen      total 3072K, used 3037K [0x00000000eb300000, 0x00000000eba00000, 0x0000000100000000)
  eden space 2048K, 99% used [0x00000000eb300000,0x00000000eb4fb938,0x00000000eb500000)
  from space 1024K, 98% used [0x00000000eb500000,0x00000000eb5fbcc8,0x00000000eb600000)
  to   space 1536K, 0% used [0x00000000eb880000,0x00000000eb880000,0x00000000eba00000)
 ParOldGen       total 64000K, used 1177K [0x00000000c1800000, 0x00000000c5680000, 0x00000000eb300000)
  object space 64000K, 1% used [0x00000000c1800000,0x00000000c19266c8,0x00000000c5680000)
 Metaspace       used 6624K, capacity 6742K, committed 7040K, reserved 1056768K
  class space    used 722K, capacity 795K, committed 896K, reserved 1048576K
Event: 0.601 GC heap after
Heap after GC invocations=8 (full 0):
 PSYoungGen      total 5632K, used 1216K [0x00000000eb300000, 0x00000000eba00000, 0x0000000100000000)
  eden space 4096K, 0% used [0x00000000eb300000,0x00000000eb300000,0x00000000eb700000)
  from space 1536K, 79% used [0x00000000eb880000,0x00000000eb9b02a8,0x00000000eba00000)
  to   space 1536K, 0% used [0x00000000eb700000,0x00000000eb700000,0x00000000eb880000)
 ParOldGen       total 64000K, used 1313K [0x00000000c1800000, 0x00000000c5680000, 0x00000000eb300000)
  object space 64000K, 2% used [0x00000000c1800000,0x00000000c19486c8,0x00000000c5680000)
 Metaspace       used 6624K, capacity 6742K, committed 7040K, reserved 1056768K
  class space    used 722K, capacity 795K, committed 896K, reserved 1048576K
}

